[     618ms] [INFO] %cDownload the React DevTools for a better development experience: https://react.dev/link/react-devtools font-weight:bold @ http://localhost:3000/_next/static/chunks/0k5d_next_dist_1qmvpb9._.js:2477
[     631ms] [LOG] [HMR] connected @ http://localhost:3000/_next/static/chunks/0k5d_next_dist_1qmvpb9._.js:2477
[  102502ms] [ERROR] Failed to load resource: the server responded with a status of 401 (Unauthorized) @ http://localhost:8000/api/jobs:0
[  102511ms] [ERROR] Translation failed: Error: Unauthorized
    at ApiClient.request (http://localhost:3000/_next/static/chunks/_20daqa3._.js:869:19)
    at async ApiClient.post (http://localhost:3000/_next/static/chunks/_20daqa3._.js:878:21)
    at async handleTranslate (http://localhost:3000/_next/static/chunks/_20daqa3._.js:1077:26) @ http://localhost:3000/_next/static/chunks/0k5d_next_dist_1qmvpb9._.js:3318
[  102658ms] [LOG] [Fast Refresh] rebuilding @ http://localhost:3000/_next/static/chunks/0k5d_next_dist_1qmvpb9._.js:2477
[  102699ms] [LOG] [Fast Refresh] done in 141ms @ http://localhost:3000/_next/static/chunks/0k5d_next_dist_1qmvpb9._.js:2477
[  102734ms] [VERBOSE] [DOM] Input elements should have autocomplete attributes (suggested: "current-password"): (More info: https://goo.gl/9p2vKq) %o @ http://localhost:3000/login:0
[  102746ms] [INFO] %cDownload the React DevTools for a better development experience: https://react.dev/link/react-devtools font-weight:bold @ http://localhost:3000/_next/static/chunks/0k5d_next_dist_1qmvpb9._.js:2477
[  102770ms] [LOG] [HMR] connected @ http://localhost:3000/_next/static/chunks/0k5d_next_dist_1qmvpb9._.js:2477
[  305252ms] [ERROR] Base UI: A component that acts as a button expected a native <button> because the `nativeButton` prop is true. Rendering a non-<button> removes native button semantics, which can impact forms and accessibility. Use a real <button> in the `render` prop, or set `nativeButton` to `false`.
    at PopoverTrigger (http://localhost:3000/_next/static/chunks/_20daqa3._.js:1307:375)
    at RiskAnnotationPopover (http://localhost:3000/_next/static/chunks/_20daqa3._.js:1432:376)
    at TranslationResult.useMemo[content] (http://localhost:3000/_next/static/chunks/_20daqa3._.js:1924:391)
    at updateMemo (http://localhost:3000/_next/static/chunks/0k5d_next_dist_compiled_react-dom_1ep3e0o._.js:5413:21)
    at Object.useMemo (http://localhost:3000/_next/static/chunks/0k5d_next_dist_compiled_react-dom_1ep3e0o._.js:15465:24)
    at exports.useMemo (http://localhost:3000/_next/static/chunks/0k5d_next_dist_compiled_1-s7kk0._.js:1742:36)
    at TranslationResult (http://localhost:3000/_next/static/chunks/_20daqa3._.js:1885:355)
    at OutputPanel (http://localhost:3000/_next/static/chunks/_20daqa3._.js:2960:376)
    at WorkspacePage (about://React/Server/file:///Users/felixwang/devspace/cc-project/mca-translation/frontend/.next/dev/server/chunks/ssr/%5Broot-of-the-server%5D__1b1itl7._.js?4:129:439) @ http://localhost:3000/_next/static/chunks/0k5d_next_dist_1qmvpb9._.js:3318
